<html>
<head>
<title>TestNG:  opencart1</title>
<link href="../testng.css" rel="stylesheet" type="text/css" />
<link href="../my-testng.css" rel="stylesheet" type="text/css" />

<style type="text/css">
.log { display: none;} 
.stack-trace { display: none;} 
</style>
<script type="text/javascript">
<!--
function flip(e) {
  current = e.style.display;
  if (current == 'block') {
    e.style.display = 'none';
    return 0;
  }
  else {
    e.style.display = 'block';
    return 1;
  }
}

function toggleBox(szDivId, elem, msg1, msg2)
{
  var res = -1;  if (document.getElementById) {
    res = flip(document.getElementById(szDivId));
  }
  else if (document.all) {
    // this is the way old msie versions work
    res = flip(document.all[szDivId]);
  }
  if(elem) {
    if(res == 0) elem.innerHTML = msg1; else elem.innerHTML = msg2;
  }

}

function toggleAllBoxes() {
  if (document.getElementsByTagName) {
    d = document.getElementsByTagName('div');
    for (i = 0; i < d.length; i++) {
      if (d[i].className == 'log') {
        flip(d[i]);
      }
    }
  }
}

// -->
</script>

</head>
<body>
<h2 align='center'>opencart1</h2><table border='1' align="center">
<tr>
<td>Tests passed/Failed/Skipped:</td><td>11/1/0</td>
</tr><tr>
<td>Started on:</td><td>Tue Apr 16 10:42:33 UYT 2024</td>
</tr>
<tr><td>Total time:</td><td>66 seconds (66701 ms)</td>
</tr><tr>
<td>Included groups:</td><td></td>
</tr><tr>
<td>Excluded groups:</td><td></td>
</tr>
</table><p/>
<small><i>(Hover the method name to see the test class name)</i></small><p/>
<table width='100%' border='1' class='invocation-failed'>
<tr><td colspan='4' align='center'><b>FAILED TESTS</b></td></tr>
<tr><td><b>Test method</b></td>
<td width="30%"><b>Exception</b></td>
<td width="10%"><b>Time (seconds)</b></td>
<td><b>Instance</b></td>
</tr>
<tr>
<td title='login.LoginTests.test07ExpectedWarningMessageWhenLoginCustomerWithInvalidCredentialsMultipleTimes()'><b>test07ExpectedWarningMessageWhenLoginCustomerWithInvalidCredentialsMultipleTimes</b><br>Test class: login.LoginTests</td>
<td><div><pre>java.lang.AssertionError: Error in the expected message for wrong login expected [Warning: Your account has exceeded allowed number of login attempts. Please try again in 1 hour.] but found [Warning: No match for E-Mail Address and/or Password.]
	at login.LoginTests.test07ExpectedWarningMessageWhenLoginCustomerWithInvalidCredentialsMultipleTimes(LoginTests.java:121)
	at com.intellij.rt.testng.IDEARemoteTestNG.run(IDEARemoteTestNG.java:66)
	at com.intellij.rt.testng.RemoteTestNGStarter.main(RemoteTestNGStarter.java:105)
... Removed 23 stack frames</pre></div><a href='#' onClick='toggleBox("stack-trace1099694603", this, "Click to show all stack frames", "Click to hide stack frames")'>Click to show all stack frames</a>
<div class='stack-trace' id='stack-trace1099694603'><pre>java.lang.AssertionError: Error in the expected message for wrong login expected [Warning: Your account has exceeded allowed number of login attempts. Please try again in 1 hour.] but found [Warning: No match for E-Mail Address and/or Password.]
	at org.testng.Assert.fail(Assert.java:94)
	at org.testng.Assert.failNotEquals(Assert.java:494)
	at org.testng.Assert.assertEquals(Assert.java:123)
	at org.testng.Assert.assertEquals(Assert.java:176)
	at login.LoginTests.test07ExpectedWarningMessageWhenLoginCustomerWithInvalidCredentialsMultipleTimes(LoginTests.java:121)
	at java.base/jdk.internal.reflect.DirectMethodHandleAccessor.invoke(DirectMethodHandleAccessor.java:103)
	at java.base/java.lang.reflect.Method.invoke(Method.java:580)
	at org.testng.internal.MethodInvocationHelper.invokeMethod(MethodInvocationHelper.java:85)
	at org.testng.internal.Invoker.invokeMethod(Invoker.java:696)
	at org.testng.internal.Invoker.invokeTestMethod(Invoker.java:882)
	at org.testng.internal.Invoker.invokeTestMethods(Invoker.java:1189)
	at org.testng.internal.TestMethodWorker.invokeTestMethods(TestMethodWorker.java:124)
	at org.testng.internal.TestMethodWorker.run(TestMethodWorker.java:108)
	at org.testng.TestRunner.privateRun(TestRunner.java:767)
	at org.testng.TestRunner.run(TestRunner.java:617)
	at org.testng.SuiteRunner.runTest(SuiteRunner.java:348)
	at org.testng.SuiteRunner.runSequentially(SuiteRunner.java:343)
	at org.testng.SuiteRunner.privateRun(SuiteRunner.java:305)
	at org.testng.SuiteRunner.run(SuiteRunner.java:254)
	at org.testng.SuiteRunnerWorker.runSuite(SuiteRunnerWorker.java:52)
	at org.testng.SuiteRunnerWorker.run(SuiteRunnerWorker.java:86)
	at org.testng.TestNG.runSuitesSequentially(TestNG.java:1224)
	at org.testng.TestNG.runSuitesLocally(TestNG.java:1149)
	at org.testng.TestNG.run(TestNG.java:1057)
	at com.intellij.rt.testng.IDEARemoteTestNG.run(IDEARemoteTestNG.java:66)
	at com.intellij.rt.testng.RemoteTestNGStarter.main(RemoteTestNGStarter.java:105)
</pre></div></td>
<td>0</td>
<td>login.LoginTests@7c51f34b</td></tr>
</table><p>
<table width='100%' border='1' class='invocation-passed'>
<tr><td colspan='4' align='center'><b>PASSED TESTS</b></td></tr>
<tr><td><b>Test method</b></td>
<td width="30%"><b>Exception</b></td>
<td width="10%"><b>Time (seconds)</b></td>
<td><b>Instance</b></td>
</tr>
<tr>
<td title='login.LoginTests.test01LoginCustomerSuccessfully()'><b>test01LoginCustomerSuccessfully</b><br>Test class: login.LoginTests</td>
<td></td>
<td>1</td>
<td>login.LoginTests@7c51f34b</td></tr>
<tr>
<td title='login.LoginTests.test02ExpectedLoginPageWhenBrowserBackButtonAfterLogout()'><b>test02ExpectedLoginPageWhenBrowserBackButtonAfterLogout</b><br>Test class: login.LoginTests</td>
<td></td>
<td>2</td>
<td>login.LoginTests@7c51f34b</td></tr>
<tr>
<td title='login.LoginTests.test03ExpectedWarningMessageWhenLoginCustomerWithInvalidPassword()'><b>test03ExpectedWarningMessageWhenLoginCustomerWithInvalidPassword</b><br>Test class: login.LoginTests</td>
<td></td>
<td>0</td>
<td>login.LoginTests@7c51f34b</td></tr>
<tr>
<td title='login.LoginTests.test04ExpectedWarningMessageWhenLoginCustomerWithInvalidUsername()'><b>test04ExpectedWarningMessageWhenLoginCustomerWithInvalidUsername</b><br>Test class: login.LoginTests</td>
<td></td>
<td>0</td>
<td>login.LoginTests@7c51f34b</td></tr>
<tr>
<td title='login.LoginTests.test05ExpectedWarningMessageWhenLoginCustomerWithEmptyUsername()'><b>test05ExpectedWarningMessageWhenLoginCustomerWithEmptyUsername</b><br>Test class: login.LoginTests</td>
<td></td>
<td>0</td>
<td>login.LoginTests@7c51f34b</td></tr>
<tr>
<td title='login.LoginTests.test06ExpectedWarningMessageWhenLoginCustomerWithEmptyPassword()'><b>test06ExpectedWarningMessageWhenLoginCustomerWithEmptyPassword</b><br>Test class: login.LoginTests</td>
<td></td>
<td>1</td>
<td>login.LoginTests@7c51f34b</td></tr>
<tr>
<td title='login.LoginTests.test08AllLoginComponentsAreVisible()'><b>test08AllLoginComponentsAreVisible</b><br>Test class: login.LoginTests</td>
<td></td>
<td>0</td>
<td>login.LoginTests@7c51f34b</td></tr>
<tr>
<td title='login.LoginTests.test09JustTestingJenkins()'><b>test09JustTestingJenkins</b><br>Test class: login.LoginTests</td>
<td></td>
<td>0</td>
<td>login.LoginTests@7c51f34b</td></tr>
<tr>
<td title='login.LoginTests.test10JustTestingJenkinsAgainPart2()'><b>test10JustTestingJenkinsAgainPart2</b><br>Test class: login.LoginTests</td>
<td></td>
<td>0</td>
<td>login.LoginTests@7c51f34b</td></tr>
<tr>
<td title='login.LoginTests.test11JustTestingJenkinsAgainPart2ERESAYESYES()'><b>test11JustTestingJenkinsAgainPart2ERESAYESYES</b><br>Test class: login.LoginTests</td>
<td></td>
<td>0</td>
<td>login.LoginTests@7c51f34b</td></tr>
<tr>
<td title='login.LoginTests.test12JustTestingJenkinsAgainPart2ERESAYESYES()'><b>test12JustTestingJenkinsAgainPart2ERESAYESYES</b><br>Test class: login.LoginTests</td>
<td></td>
<td>0</td>
<td>login.LoginTests@7c51f34b</td></tr>
</table><p>
</body>
</html>