<?xml version="1.0" encoding="UTF-8"?>
<testng-results total="7" passed="6" failed="1" skipped="0">
  <reporter-output>
  </reporter-output>
  <suite started-at="2024-04-14T05:01:09Z" name="Default Suite" finished-at="2024-04-14T05:01:48Z" duration-ms="39230">
    <groups>
    </groups>
    <test started-at="2024-04-14T05:01:09Z" name="opencart1" finished-at="2024-04-14T05:01:48Z" duration-ms="39230">
      <class name="login.LoginTests">
        <test-method is-config="true" signature="setUp()[pri:0, instance:login.LoginTests@6497b078]" started-at="2024-04-14T02:01:09Z" name="setUp" finished-at="2024-04-14T02:01:14Z" duration-ms="4947" status="PASS">
          <reporter-output>
          </reporter-output>
        </test-method> <!-- setUp -->
        <test-method signature="test01LoginCustomerSuccessfully()[pri:0, instance:login.LoginTests@6497b078]" started-at="2024-04-14T02:01:14Z" name="test01LoginCustomerSuccessfully" finished-at="2024-04-14T02:01:15Z" duration-ms="1208" status="PASS">
          <reporter-output>
          </reporter-output>
        </test-method> <!-- test01LoginCustomerSuccessfully -->
        <test-method is-config="true" signature="tearDown()[pri:0, instance:login.LoginTests@6497b078]" started-at="2024-04-14T02:01:15Z" name="tearDown" finished-at="2024-04-14T02:01:15Z" duration-ms="291" status="PASS">
          <reporter-output>
          </reporter-output>
        </test-method> <!-- tearDown -->
        <test-method is-config="true" signature="setUp()[pri:0, instance:login.LoginTests@6497b078]" started-at="2024-04-14T02:01:15Z" name="setUp" finished-at="2024-04-14T02:01:20Z" duration-ms="4057" status="PASS">
          <reporter-output>
          </reporter-output>
        </test-method> <!-- setUp -->
        <test-method signature="test02ExpectedLoginPageWhenBrowserBackButtonAfterLogout()[pri:0, instance:login.LoginTests@6497b078]" started-at="2024-04-14T02:01:20Z" name="test02ExpectedLoginPageWhenBrowserBackButtonAfterLogout" finished-at="2024-04-14T02:01:22Z" duration-ms="2083" status="PASS">
          <reporter-output>
          </reporter-output>
        </test-method> <!-- test02ExpectedLoginPageWhenBrowserBackButtonAfterLogout -->
        <test-method is-config="true" signature="tearDown()[pri:0, instance:login.LoginTests@6497b078]" started-at="2024-04-14T02:01:22Z" name="tearDown" finished-at="2024-04-14T02:01:22Z" duration-ms="207" status="PASS">
          <reporter-output>
          </reporter-output>
        </test-method> <!-- tearDown -->
        <test-method is-config="true" signature="setUp()[pri:0, instance:login.LoginTests@6497b078]" started-at="2024-04-14T02:01:22Z" name="setUp" finished-at="2024-04-14T02:01:26Z" duration-ms="4686" status="PASS">
          <reporter-output>
          </reporter-output>
        </test-method> <!-- setUp -->
        <test-method signature="test03ExpectedWarningMessageWhenLoginCustomerWithInvalidPassword()[pri:0, instance:login.LoginTests@6497b078]" started-at="2024-04-14T02:01:26Z" name="test03ExpectedWarningMessageWhenLoginCustomerWithInvalidPassword" finished-at="2024-04-14T02:01:27Z" duration-ms="640" status="FAIL">
          <exception class="java.lang.AssertionError">
            <message>
              <![CDATA[Error in the expected message for wrong login expected [Warning: No match for E-Mail Address and/or Password.] but found [Warning: Your account has exceeded allowed number of login attempts. Please try again in 1 hour.]]]>
            </message>
            <full-stacktrace>
              <![CDATA[java.lang.AssertionError: Error in the expected message for wrong login expected [Warning: No match for E-Mail Address and/or Password.] but found [Warning: Your account has exceeded allowed number of login attempts. Please try again in 1 hour.]
	at org.testng.Assert.fail(Assert.java:94)
	at org.testng.Assert.failNotEquals(Assert.java:494)
	at org.testng.Assert.assertEquals(Assert.java:123)
	at org.testng.Assert.assertEquals(Assert.java:176)
	at login.LoginTests.test03ExpectedWarningMessageWhenLoginCustomerWithInvalidPassword(LoginTests.java:67)
	at java.base/jdk.internal.reflect.DirectMethodHandleAccessor.invoke(DirectMethodHandleAccessor.java:103)
	at java.base/java.lang.reflect.Method.invoke(Method.java:580)
	at org.testng.internal.MethodInvocationHelper.invokeMethod(MethodInvocationHelper.java:85)
	at org.testng.internal.Invoker.invokeMethod(Invoker.java:696)
	at org.testng.internal.Invoker.invokeTestMethod(Invoker.java:882)
	at org.testng.internal.Invoker.invokeTestMethods(Invoker.java:1189)
	at org.testng.internal.TestMethodWorker.invokeTestMethods(TestMethodWorker.java:124)
	at org.testng.internal.TestMethodWorker.run(TestMethodWorker.java:108)
	at org.testng.TestRunner.privateRun(TestRunner.java:767)
	at org.testng.TestRunner.run(TestRunner.java:617)
	at org.testng.SuiteRunner.runTest(SuiteRunner.java:348)
	at org.testng.SuiteRunner.runSequentially(SuiteRunner.java:343)
	at org.testng.SuiteRunner.privateRun(SuiteRunner.java:305)
	at org.testng.SuiteRunner.run(SuiteRunner.java:254)
	at org.testng.SuiteRunnerWorker.runSuite(SuiteRunnerWorker.java:52)
	at org.testng.SuiteRunnerWorker.run(SuiteRunnerWorker.java:86)
	at org.testng.TestNG.runSuitesSequentially(TestNG.java:1224)
	at org.testng.TestNG.runSuitesLocally(TestNG.java:1149)
	at org.testng.TestNG.run(TestNG.java:1057)
	at com.intellij.rt.testng.IDEARemoteTestNG.run(IDEARemoteTestNG.java:66)
	at com.intellij.rt.testng.RemoteTestNGStarter.main(RemoteTestNGStarter.java:105)
]]>
            </full-stacktrace>
          </exception> <!-- java.lang.AssertionError -->
          <reporter-output>
          </reporter-output>
        </test-method> <!-- test03ExpectedWarningMessageWhenLoginCustomerWithInvalidPassword -->
        <test-method is-config="true" signature="tearDown()[pri:0, instance:login.LoginTests@6497b078]" started-at="2024-04-14T02:01:27Z" name="tearDown" finished-at="2024-04-14T02:01:27Z" duration-ms="214" status="PASS">
          <reporter-output>
          </reporter-output>
        </test-method> <!-- tearDown -->
        <test-method is-config="true" signature="setUp()[pri:0, instance:login.LoginTests@6497b078]" started-at="2024-04-14T02:01:27Z" name="setUp" finished-at="2024-04-14T02:01:31Z" duration-ms="3774" status="PASS">
          <reporter-output>
          </reporter-output>
        </test-method> <!-- setUp -->
        <test-method signature="test04ExpectedWarningMessageWhenLoginCustomerWithInvalidUsername()[pri:0, instance:login.LoginTests@6497b078]" started-at="2024-04-14T02:01:31Z" name="test04ExpectedWarningMessageWhenLoginCustomerWithInvalidUsername" finished-at="2024-04-14T02:01:32Z" duration-ms="921" status="PASS">
          <reporter-output>
          </reporter-output>
        </test-method> <!-- test04ExpectedWarningMessageWhenLoginCustomerWithInvalidUsername -->
        <test-method is-config="true" signature="tearDown()[pri:0, instance:login.LoginTests@6497b078]" started-at="2024-04-14T02:01:32Z" name="tearDown" finished-at="2024-04-14T02:01:32Z" duration-ms="191" status="PASS">
          <reporter-output>
          </reporter-output>
        </test-method> <!-- tearDown -->
        <test-method is-config="true" signature="setUp()[pri:0, instance:login.LoginTests@6497b078]" started-at="2024-04-14T02:01:32Z" name="setUp" finished-at="2024-04-14T02:01:37Z" duration-ms="4761" status="PASS">
          <reporter-output>
          </reporter-output>
        </test-method> <!-- setUp -->
        <test-method signature="test05ExpectedWarningMessageWhenLoginCustomerWithEmptyUsername()[pri:0, instance:login.LoginTests@6497b078]" started-at="2024-04-14T02:01:37Z" name="test05ExpectedWarningMessageWhenLoginCustomerWithEmptyUsername" finished-at="2024-04-14T02:01:38Z" duration-ms="955" status="PASS">
          <reporter-output>
          </reporter-output>
        </test-method> <!-- test05ExpectedWarningMessageWhenLoginCustomerWithEmptyUsername -->
        <test-method is-config="true" signature="tearDown()[pri:0, instance:login.LoginTests@6497b078]" started-at="2024-04-14T02:01:38Z" name="tearDown" finished-at="2024-04-14T02:01:38Z" duration-ms="197" status="PASS">
          <reporter-output>
          </reporter-output>
        </test-method> <!-- tearDown -->
        <test-method is-config="true" signature="setUp()[pri:0, instance:login.LoginTests@6497b078]" started-at="2024-04-14T02:01:38Z" name="setUp" finished-at="2024-04-14T02:01:41Z" duration-ms="3121" status="PASS">
          <reporter-output>
          </reporter-output>
        </test-method> <!-- setUp -->
        <test-method signature="test06ExpectedWarningMessageWhenLoginCustomerWithEmptyPassword()[pri:0, instance:login.LoginTests@6497b078]" started-at="2024-04-14T02:01:41Z" name="test06ExpectedWarningMessageWhenLoginCustomerWithEmptyPassword" finished-at="2024-04-14T02:01:42Z" duration-ms="934" status="PASS">
          <reporter-output>
          </reporter-output>
        </test-method> <!-- test06ExpectedWarningMessageWhenLoginCustomerWithEmptyPassword -->
        <test-method is-config="true" signature="tearDown()[pri:0, instance:login.LoginTests@6497b078]" started-at="2024-04-14T02:01:42Z" name="tearDown" finished-at="2024-04-14T02:01:42Z" duration-ms="216" status="PASS">
          <reporter-output>
          </reporter-output>
        </test-method> <!-- tearDown -->
        <test-method is-config="true" signature="setUp()[pri:0, instance:login.LoginTests@6497b078]" started-at="2024-04-14T02:01:42Z" name="setUp" finished-at="2024-04-14T02:01:47Z" duration-ms="4699" status="PASS">
          <reporter-output>
          </reporter-output>
        </test-method> <!-- setUp -->
        <test-method signature="test07ExpectedWarningMessageWhenLoginCustomerWithInvalidCredentialsMultipleTimes()[pri:0, instance:login.LoginTests@6497b078]" started-at="2024-04-14T02:01:47Z" name="test07ExpectedWarningMessageWhenLoginCustomerWithInvalidCredentialsMultipleTimes" finished-at="2024-04-14T02:01:48Z" duration-ms="914" status="PASS">
          <reporter-output>
          </reporter-output>
        </test-method> <!-- test07ExpectedWarningMessageWhenLoginCustomerWithInvalidCredentialsMultipleTimes -->
        <test-method is-config="true" signature="tearDown()[pri:0, instance:login.LoginTests@6497b078]" started-at="2024-04-14T02:01:48Z" name="tearDown" finished-at="2024-04-14T02:01:48Z" duration-ms="192" status="PASS">
          <reporter-output>
          </reporter-output>
        </test-method> <!-- tearDown -->
      </class> <!-- login.LoginTests -->
    </test> <!-- opencart1 -->
  </suite> <!-- Default Suite -->
</testng-results>
